0 info it worked if it ends with ok
1 verbose cli [ '/Users/marten/.nvm/versions/node/v4.1.0/bin/node',
1 verbose cli   '/Users/marten/.nvm/versions/node/v4.1.0/bin/npm',
1 verbose cli   'publish' ]
2 info using npm@2.14.3
3 info using node@v4.1.0
4 verbose publish [ '.' ]
5 silly cache add args [ '.', null ]
6 verbose cache add spec .
7 silly cache add parsed spec Result {
7 silly cache add   raw: '.',
7 silly cache add   scope: null,
7 silly cache add   name: null,
7 silly cache add   rawSpec: '.',
7 silly cache add   spec: '/Users/marten/www/getmycrew-node',
7 silly cache add   type: 'directory' }
8 verbose addLocalDirectory /Users/marten/.npm/getmycrew-node/1.0.0/package.tgz not in flight; packing
9 verbose tar pack [ '/Users/marten/.npm/getmycrew-node/1.0.0/package.tgz',
9 verbose tar pack   '/Users/marten/www/getmycrew-node' ]
10 verbose tarball /Users/marten/.npm/getmycrew-node/1.0.0/package.tgz
11 verbose folder /Users/marten/www/getmycrew-node
12 info prepublish getmycrew-node@1.0.0
13 verbose addLocalTarball adding from inside cache /Users/marten/.npm/getmycrew-node/1.0.0/package.tgz
14 silly cache afterAdd getmycrew-node@1.0.0
15 verbose afterAdd /Users/marten/.npm/getmycrew-node/1.0.0/package/package.json not in flight; writing
16 verbose afterAdd /Users/marten/.npm/getmycrew-node/1.0.0/package/package.json written
17 silly publish { name: 'getmycrew-node',
17 silly publish   version: '1.0.0',
17 silly publish   description: 'GetMyCrew API',
17 silly publish   main: 'index.js',
17 silly publish   scripts: { test: 'echo "Error: no test specified" && exit 1' },
17 silly publish   repository:
17 silly publish    { type: 'git',
17 silly publish      url: 'git+https://github.com/mybesthelper/getmycrew-node.git' },
17 silly publish   keywords: [ 'mycrew', 'api', 'node' ],
17 silly publish   author: { name: 'Martin Popielarz' },
17 silly publish   license: 'ISC',
17 silly publish   bugs: { url: 'https://github.com/mybesthelper/getmycrew-node/issues' },
17 silly publish   homepage: 'https://github.com/mybesthelper/getmycrew-node#readme',
17 silly publish   readme: '# getmycrew-node\n',
17 silly publish   readmeFilename: 'README.md',
17 silly publish   gitHead: '8c9916741ef30b8b49452daf6e91ea9d0f630384',
17 silly publish   _id: 'getmycrew-node@1.0.0',
17 silly publish   _shasum: '84e0a6d98d79fc328258feffac8b9d549702e530',
17 silly publish   _from: '.' }
18 verbose getPublishConfig undefined
19 silly mapToRegistry name getmycrew-node
20 silly mapToRegistry using default registry
21 silly mapToRegistry registry https://registry.npmjs.org/
22 silly mapToRegistry uri https://registry.npmjs.org/getmycrew-node
23 verbose publish registryBase https://registry.npmjs.org/
24 silly publish uploading /Users/marten/.npm/getmycrew-node/1.0.0/package.tgz
25 verbose stack Error: auth required for publishing
25 verbose stack     at CachingRegistryClient.publish (/Users/marten/.nvm/versions/node/v4.1.0/lib/node_modules/npm/node_modules/npm-registry-client/lib/publish.js:30:14)
25 verbose stack     at /Users/marten/.nvm/versions/node/v4.1.0/lib/node_modules/npm/lib/publish.js:134:14
25 verbose stack     at mapToRegistry (/Users/marten/.nvm/versions/node/v4.1.0/lib/node_modules/npm/lib/utils/map-to-registry.js:55:3)
25 verbose stack     at publish_ (/Users/marten/.nvm/versions/node/v4.1.0/lib/node_modules/npm/lib/publish.js:104:3)
25 verbose stack     at Array.<anonymous> (/Users/marten/.nvm/versions/node/v4.1.0/lib/node_modules/npm/node_modules/slide/lib/bind-actor.js:15:8)
25 verbose stack     at LOOP (/Users/marten/.nvm/versions/node/v4.1.0/lib/node_modules/npm/node_modules/slide/lib/chain.js:15:14)
25 verbose stack     at LOOP (/Users/marten/.nvm/versions/node/v4.1.0/lib/node_modules/npm/node_modules/slide/lib/chain.js:14:28)
25 verbose stack     at chain (/Users/marten/.nvm/versions/node/v4.1.0/lib/node_modules/npm/node_modules/slide/lib/chain.js:20:5)
25 verbose stack     at /Users/marten/.nvm/versions/node/v4.1.0/lib/node_modules/npm/lib/publish.js:73:5
25 verbose stack     at RES (/Users/marten/.nvm/versions/node/v4.1.0/lib/node_modules/npm/node_modules/inflight/inflight.js:23:14)
26 verbose cwd /Users/marten/www/getmycrew-node
27 error Darwin 14.5.0
28 error argv "/Users/marten/.nvm/versions/node/v4.1.0/bin/node" "/Users/marten/.nvm/versions/node/v4.1.0/bin/npm" "publish"
29 error node v4.1.0
30 error npm  v2.14.3
31 error code ENEEDAUTH
32 error need auth auth required for publishing
32 error need auth You need to authorize this machine using `npm adduser`
33 verbose exit [ 1, true ]
